<?xml version="1.0" encoding="UTF-8"?>
<!-- Generated by org.testng.reporters.JUnitReportReporter -->
<testsuite hostname="DESKTOP-L3EI5A3" failures="0" tests="7" name="com.java.Grouping" time="0.025" errors="0" timestamp="2023-05-26T17:42:10 IST" skipped="0">
  <testcase classname="com.java.Grouping" name="blue" time="0.002"/>
  <system-out/>
  <testcase classname="com.java.Grouping" name="tomato" time="0.001"/>
  <system-out/>
  <testcase classname="com.java.Grouping" name="onion" time="0.002"/>
  <system-out/>
  <testcase classname="com.java.Grouping" name="banana" time="0.014"/>
  <system-out/>
  <testcase classname="com.java.Grouping" name="orange" time="0.002"/>
  <system-out/>
  <testcase classname="com.java.Grouping" name="red" time="0.001"/>
  <system-out/>
  <testcase classname="com.java.Grouping" name="grapes" time="0.003"/>
  <system-out/>
</testsuite> <!-- com.java.Grouping -->
