<?xml version="1.0" encoding="UTF-8"?>
<!-- Generated by org.testng.reporters.JUnitReportReporter -->
<testsuite hostname="DESKTOP-L3EI5A3" failures="0" tests="1" name="com.java.testng" time="0.019" errors="0" timestamp="2023-05-26T16:06:57 IST" skipped="0">
  <testcase classname="com.java.testng" name="softwaredevelopement" time="0.019"/>
  <system-out/>
</testsuite> <!-- com.java.testng -->
