<?xml version="1.0" encoding="UTF-8"?>
<!-- Generated by org.testng.reporters.JUnitReportReporter -->
<testsuite hostname="DESKTOP-L3EI5A3" failures="0" tests="1" name="com.java.Expected_Exception1" time="0.013" errors="0" timestamp="2023-05-26T17:59:37 IST" skipped="0">
  <testcase classname="com.java.Expected_Exception1" name="sample" time="0.013"/>
  <system-out/>
</testsuite> <!-- com.java.Expected_Exception1 -->
