<?xml version="1.0" encoding="UTF-8"?>
<!-- Generated by org.testng.reporters.JUnitReportReporter -->
<testsuite hostname="DESKTOP-L3EI5A3" failures="0" tests="1" name="com.java.Parameterized_Test" time="0.015" errors="0" timestamp="2023-05-29T17:36:01 IST" skipped="0">
  <testcase classname="com.java.Parameterized_Test" name="credentials" time="0.015"/>
  <system-out/>
</testsuite> <!-- com.java.Parameterized_Test -->
