<?xml version="1.0" encoding="UTF-8"?>
<!-- Generated by org.testng.reporters.JUnitReportReporter -->
<testsuite hostname="DESKTOP-L3EI5A3" failures="0" tests="2" name="com.java.Ignore_Type" time="0.015" errors="0" timestamp="2023-05-26T16:59:15 IST" skipped="1">
  <testcase classname="com.java.Ignore_Type" name="csk" time="0.015"/>
  <system-out/>
  <testcase classname="com.java.Ignore_Type" name="Gujarat">
    <skipped/>
  </testcase> <!-- Gujarat -->
  <system-out/>
</testsuite> <!-- com.java.Ignore_Type -->
