<?xml version="1.0" encoding="UTF-8"?>
<!-- Generated by org.testng.reporters.JUnitReportReporter -->
<testsuite hostname="DESKTOP-L3EI5A3" failures="0" tests="1" name="com.java.Login_Testng" time="5.090" errors="0" timestamp="2023-05-30T11:41:44 IST" skipped="0">
  <testcase classname="com.java.Login_Testng" name="functions" time="5.090"/>
  <system-out/>
</testsuite> <!-- com.java.Login_Testng -->
