<?xml version="1.0" encoding="UTF-8"?>
<!-- Generated by org.testng.reporters.JUnitReportReporter -->
<testsuite hostname="DESKTOP-L3EI5A3" failures="0" tests="3" name="com.java.Ignore" time="0.027" errors="0" timestamp="2023-05-26T16:38:27 IST" skipped="0">
  <testcase classname="com.java.Ignore" name="rcb" time="0.003"/>
  <system-out/>
  <testcase classname="com.java.Ignore" name="Mumbaiindians" time="0.018"/>
  <system-out/>
  <testcase classname="com.java.Ignore" name="csk" time="0.006"/>
  <system-out/>
</testsuite> <!-- com.java.Ignore -->
