<?xml version="1.0" encoding="UTF-8"?>
<!-- Generated by org.testng.reporters.JUnitReportReporter -->
<testsuite hostname="DESKTOP-L3EI5A3" failures="0" tests="2" name="com.java.Dependancy_Test" time="0.014" errors="0" timestamp="2023-05-26T17:50:09 IST" skipped="0">
  <testcase classname="com.java.Dependancy_Test" name="selenium" time="0.003"/>
  <system-out/>
  <testcase classname="com.java.Dependancy_Test" name="jarFile1" time="0.011"/>
  <system-out/>
</testsuite> <!-- com.java.Dependancy_Test -->
