<?xml version="1.0" encoding="UTF-8"?>
<!-- Generated by org.testng.reporters.JUnitReportReporter -->
<testsuite hostname="DESKTOP-L3EI5A3" failures="0" tests="1" name="com.java.Hardassert" time="0.016" errors="0" timestamp="2023-05-29T18:35:41 IST" skipped="0">
  <testcase classname="com.java.Hardassert" name="testmethod" time="0.016"/>
  <system-out/>
</testsuite> <!-- com.java.Hardassert -->
