<?xml version="1.0" encoding="UTF-8"?>
<!-- Generated by org.testng.reporters.JUnitReportReporter -->
<testsuite hostname="DESKTOP-L3EI5A3" failures="0" tests="6" name="com.java.Priority" time="0.037" errors="0" timestamp="2023-05-26T16:20:58 IST" skipped="0">
  <testcase classname="com.java.Priority" name="breakfast" time="0.013"/>
  <system-out/>
  <testcase classname="com.java.Priority" name="Lunch" time="0.004"/>
  <system-out/>
  <testcase classname="com.java.Priority" name="dinner" time="0.009"/>
  <system-out/>
  <testcase classname="com.java.Priority" name="dinner" time="0.002"/>
  <system-out/>
  <testcase classname="com.java.Priority" name="dinner" time="0.003"/>
  <system-out/>
  <testcase classname="com.java.Priority" name="dinner" time="0.006"/>
  <system-out/>
</testsuite> <!-- com.java.Priority -->
