<?xml version="1.0" encoding="UTF-8"?>
<!-- Generated by org.testng.reporters.JUnitReportReporter -->
<testsuite hostname="DESKTOP-L3EI5A3" failures="0" tests="5" name="com.java.TestSam" time="0.027" errors="0" timestamp="2023-05-29T16:48:52 IST" skipped="0">
  <testcase classname="com.java.TestSam" name="step45" time="0.014"/>
  <system-out/>
  <testcase classname="com.java.TestSam" name="step49" time="0.004"/>
  <system-out/>
  <testcase classname="com.java.TestSam" name="step3" time="0.004"/>
  <system-out/>
  <testcase classname="com.java.TestSam" name="step1" time="0.004"/>
  <system-out/>
  <testcase classname="com.java.TestSam" name="step5" time="0.001"/>
  <system-out/>
</testsuite> <!-- com.java.TestSam -->
